<?xml version="1.0" encoding="UTF-8"?>
<!-- Generated by org.testng.reporters.JUnitReportReporter -->
<testsuite hostname="TVMATP567799L" failures="0" tests="1" name="RegisterFunctionality.TC_RF_025" time="8.197" errors="0" timestamp="10 Apr 2025 11:54:25 GMT">
  <testcase classname="RegisterFunctionality.TC_RF_025" name="VerifyTheBreadcrumbPageHeadingPageURLPageTitleOfRegisterAccountPage" time="8.197"/>
</testsuite> <!-- RegisterFunctionality.TC_RF_025 -->
