<?xml version="1.0" encoding="UTF-8"?>
<!-- Generated by org.testng.reporters.JUnitReportReporter -->
<testsuite hostname="TVMATP567799L" failures="0" tests="1" name="RegisterFunctionality.TC_RF_005" time="34.951" errors="0" timestamp="26 May 2025 14:08:20 GMT">
  <testcase classname="RegisterFunctionality.TC_RF_005" name="ValidateRegisteringAnAccountWhenYesOptionIsSelected" time="34.951"/>
</testsuite> <!-- RegisterFunctionality.TC_RF_005 -->
