<?xml version="1.0" encoding="UTF-8"?>
<!-- Generated by org.testng.reporters.JUnitReportReporter -->
<testsuite hostname="TVMATP567799L" failures="0" tests="1" name="RegisterFunctionality.TC_RF_024" time="14.467" errors="0" timestamp="9 Apr 2025 10:11:56 GMT">
  <testcase classname="RegisterFunctionality.TC_RF_024" name="VerifyRegistringAnAccountByFillingPasswordFieldAndNotFillingPasswordConfirmField" time="14.467"/>
</testsuite> <!-- RegisterFunctionality.TC_RF_024 -->
