<?xml version="1.0" encoding="UTF-8"?>
<!-- Generated by org.testng.reporters.JUnitReportReporter -->
<testsuite hostname="TVMATP567799L" failures="0" tests="1" name="RegisterFunctionality.TC_RF_002" time="27.807" errors="0" timestamp="25 Mar 2025 06:41:33 GMT">
  <testcase classname="RegisterFunctionality.TC_RF_002" name="EmailVerification" time="27.807"/>
</testsuite> <!-- RegisterFunctionality.TC_RF_002 -->
