<?xml version="1.0" encoding="UTF-8"?>
<!-- Generated by org.testng.reporters.JUnitReportReporter -->
<testsuite hostname="TVMATP567799L" failures="0" tests="1" name="RegisterFunctionality.TC_RE_003" time="17.363" errors="0" timestamp="26 May 2025 13:59:56 GMT">
  <testcase classname="RegisterFunctionality.TC_RE_003" name="ValidateRegisteringAnAccountWhenYesOptionIsSelected" time="17.363"/>
</testsuite> <!-- RegisterFunctionality.TC_RE_003 -->
