<?xml version="1.0" encoding="UTF-8"?>
<!-- Generated by org.testng.reporters.JUnitReportReporter -->
<testsuite hostname="TVMATP567799L" failures="0" tests="1" name="RegisterFunctionality.TC_RF_001" time="12.054" errors="0" timestamp="6 May 2025 12:58:21 GMT">
  <testcase classname="RegisterFunctionality.TC_RF_001" name="ValidateRegisteringAnAccoiuntByFillingMandatoryFields" time="12.054"/>
</testsuite> <!-- RegisterFunctionality.TC_RF_001 -->
