<?xml version="1.0" encoding="UTF-8"?>
<!-- Generated by org.testng.reporters.JUnitReportReporter -->
<testsuite hostname="TVMATP567799L" failures="0" tests="1" name="RegisterFunctionality.TC_RF_001" time="7.604" errors="0" timestamp="29 May 2025 06:14:21 GMT">
  <testcase classname="RegisterFunctionality.TC_RF_001" name="ValidateRegisteringAnAccountByFillingMandatoryFields" time="7.604"/>
</testsuite> <!-- RegisterFunctionality.TC_RF_001 -->
