<?xml version="1.0" encoding="UTF-8"?>
<!-- Generated by org.testng.reporters.JUnitReportReporter -->
<testsuite hostname="TVMATP567799L" failures="0" tests="1" name="RegisterFunctionality.TC_RF_012" time="24.132" errors="0" timestamp="31 Mar 2025 13:08:03 GMT">
  <testcase classname="RegisterFunctionality.TC_RF_012" name="VerifyRegisteringAnAccountByUsingTheKeyboardKeys" time="24.132"/>
</testsuite> <!-- RegisterFunctionality.TC_RF_012 -->
