<?xml version="1.0" encoding="UTF-8"?>
<!-- Generated by org.testng.reporters.JUnitReportReporter -->
<testsuite hostname="TVMATP567799L" failures="0" tests="1" name="RegisterFunctionality.TC_RF_023" time="21.741" errors="0" timestamp="9 Apr 2025 09:57:53 GMT">
  <testcase classname="RegisterFunctionality.TC_RF_023" name="VerifyNavigatingToOtherPagesUsingTheOptionsOrLinksProvidedOnTheRegisterAccountpage" time="21.741"/>
</testsuite> <!-- RegisterFunctionality.TC_RF_023 -->
