<?xml version="1.0" encoding="UTF-8"?>
<!-- Generated by org.testng.reporters.JUnitReportReporter -->
<testsuite hostname="TVMATP567799L" failures="0" tests="1" name="RegisterFunctionality.TC_RF_021" time="16.055" errors="0" timestamp="8 Apr 2025 11:32:10 GMT">
  <testcase classname="RegisterFunctionality.TC_RF_021" name="VerifyRegisteringTheAccountWithoutSelectingThePrivacyPolicyCheckboxOption" time="16.055"/>
</testsuite> <!-- RegisterFunctionality.TC_RF_021 -->
