<?xml version="1.0" encoding="UTF-8"?>
<!-- Generated by org.testng.reporters.JUnitReportReporter -->
<testsuite hostname="TVMATP567799L" failures="0" tests="1" name="RegisterFunctionality.TC_RF_005" time="15.817" errors="0" timestamp="26 Mar 2025 08:17:21 GMT">
  <testcase classname="RegisterFunctionality.TC_RF_005" name="ValidateRegisteringAnAccountWhenYesOptionIsSelected" time="15.817"/>
</testsuite> <!-- RegisterFunctionality.TC_RF_005 -->
