<?xml version="1.0" encoding="UTF-8"?>
<!-- Generated by org.testng.reporters.JUnitReportReporter -->
<testsuite hostname="TVMATP567799L" failures="0" tests="1" name="RegisterFunctionality.TC_RF_007" time="14.651" errors="0" timestamp="26 Mar 2025 09:03:55 GMT">
  <testcase classname="RegisterFunctionality.TC_RF_007" name="ValidateDifferentWaysOfNavigatingToRegisterAccountPage" time="14.651"/>
</testsuite> <!-- RegisterFunctionality.TC_RF_007 -->
