<?xml version="1.0" encoding="UTF-8"?>
<!-- Generated by org.testng.reporters.JUnitReportReporter -->
<testsuite hostname="TVMATP567799L" failures="0" tests="1" name="RegisterFunctionality.TC_RF_013" time="9.843" errors="0" timestamp="1 Apr 2025 05:43:48 GMT">
  <testcase classname="RegisterFunctionality.TC_RF_013" name="VerifyAllTheFieldsInTheRegisterAccountPageHaveTheProperPlaceholders" time="9.843"/>
</testsuite> <!-- RegisterFunctionality.TC_RF_013 -->
