<?xml version="1.0" encoding="UTF-8"?>
<!-- Generated by org.testng.reporters.JUnitReportReporter -->
<testsuite hostname="TVMATP567799L" failures="0" tests="1" name="RegisterFunctionality.TC_RF_004" time="26.047" errors="0" timestamp="2 Apr 2025 09:41:49 GMT">
  <testcase classname="RegisterFunctionality.TC_RF_004" name="ValidateProperErrorMsgDisplayedForEmptyFields" time="26.047"/>
</testsuite> <!-- RegisterFunctionality.TC_RF_004 -->
