<?xml version="1.0" encoding="UTF-8"?>
<!-- Generated by org.testng.reporters.JUnitReportReporter -->
<testsuite hostname="TVMATP567799L" failures="0" tests="1" name="RegisterFunctionality.TC_RF_006" time="15.464" errors="0" timestamp="26 Mar 2025 08:59:58 GMT">
  <testcase classname="RegisterFunctionality.TC_RF_006" name="ValidateRegisteringAnAccountWhenNoOptionIsSelected" time="15.464"/>
</testsuite> <!-- RegisterFunctionality.TC_RF_006 -->
