<?xml version="1.0" encoding="UTF-8"?>
<!-- Generated by org.testng.reporters.JUnitReportReporter -->
<testsuite hostname="TVMATP567799L" failures="0" tests="1" name="RegisterFunctionality.TC_RE_002" time="14.730" errors="0" timestamp="26 May 2025 13:59:56 GMT">
  <testcase classname="RegisterFunctionality.TC_RE_002" name="ValidateProperErrorMsgDisplayedForEmptyFields" time="14.730"/>
</testsuite> <!-- RegisterFunctionality.TC_RE_002 -->
