<?xml version="1.0" encoding="UTF-8"?>
<!-- Generated by org.testng.reporters.JUnitReportReporter -->
<testsuite hostname="TVMATP567799L" failures="0" tests="1" name="RegisterFunctionality.TC_RF_020" time="6.716" errors="0" timestamp="4 Apr 2025 06:39:53 GMT">
  <testcase classname="RegisterFunctionality.TC_RF_020" name="VerifyWhetherThePrivacyPolicyCheckboxOptionIsNotSelectedByDefault" time="6.716"/>
</testsuite> <!-- RegisterFunctionality.TC_RF_020 -->
