<?xml version="1.0" encoding="UTF-8"?>
<!-- Generated by org.testng.reporters.JUnitReportReporter -->
<testsuite hostname="TVMATP567799L" failures="0" tests="1" name="RegisterFunctionality.TC_RF_001" time="10.300" errors="0" timestamp="24 Mar 2025 10:31:47 GMT">
  <testcase classname="RegisterFunctionality.TC_RF_001" name="ValidateRegisteringAnAccoiuntByFillingMandatoryFields" time="10.300"/>
</testsuite> <!-- RegisterFunctionality.TC_RF_001 -->
