<?xml version="1.0" encoding="UTF-8"?>
<!-- Generated by org.testng.reporters.JUnitReportReporter -->
<testsuite hostname="TVMATP567799L" failures="0" tests="1" name="RegisterFunctionality.TC_RF_004" time="8.640" errors="0" timestamp="25 Mar 2025 09:12:24 GMT">
  <testcase classname="RegisterFunctionality.TC_RF_004" name="ValidateProperErrorMsgDisplayedForEmptyFields" time="8.640"/>
</testsuite> <!-- RegisterFunctionality.TC_RF_004 -->
