<?xml version="1.0" encoding="UTF-8"?>
<!-- Generated by org.testng.reporters.JUnitReportReporter -->
<testsuite hostname="TVMATP567799L" failures="0" tests="1" name="RegisterFunctionality.TC_RF_022" time="7.677" errors="0" timestamp="9 Apr 2025 06:46:16 GMT">
  <testcase classname="RegisterFunctionality.TC_RF_022" name="VerifyThePasswordTextEnteredIntoThePasswordAndPasswordConfirmFieldOfRegisterAccountFunctionalityIsToggledToHideItsVisibility" time="7.677"/>
</testsuite> <!-- RegisterFunctionality.TC_RF_022 -->
