<?xml version="1.0" encoding="UTF-8"?>
<!-- Generated by org.testng.reporters.JUnitReportReporter -->
<testsuite hostname="TVMATP567799L" failures="0" tests="1" name="RegisterFunctionality.TC_RF_008" time="7.806" errors="0" timestamp="26 Mar 2025 10:16:36 GMT">
  <testcase classname="RegisterFunctionality.TC_RF_008" name="ValidateRegisteringAnAccountByEnteringDifferentPasswordsIntoPasswordAndPasswordConfirmFields" time="7.806"/>
</testsuite> <!-- RegisterFunctionality.TC_RF_008 -->
